<?xml version="1.0" encoding="UTF-8"?>
<!-- Generated by org.testng.reporters.JUnitReportReporter -->
<testsuite hostname="DESKTOP-HADT1D5" failures="0" tests="12" name="testcases.LoginTest" time="51.021" errors="0" timestamp="2023-03-02T12:41:21 IST" skipped="0">
  <testcase classname="testcases.LoginTest" name="loginToApplication" time="6.941"/>
  <system-out/>
  <testcase classname="testcases.LoginTest" name="inValidloginToApplication" time="3.267"/>
  <system-out/>
  <testcase classname="testcases.LoginTest" name="inValidloginToApplication" time="2.300"/>
  <system-out/>
  <testcase classname="testcases.LoginTest" name="inValidloginToApplication" time="1.846"/>
  <system-out/>
  <testcase classname="testcases.LoginTest" name="inValidloginToApplication" time="2.693"/>
  <system-out/>
  <testcase classname="testcases.LoginTest" name="inValidloginToApplication" time="2.256"/>
  <system-out/>
  <testcase classname="testcases.LoginTest" name="loginWithAllCombination" time="6.304"/>
  <system-out/>
  <testcase classname="testcases.LoginTest" name="loginWithAllCombination" time="4.876"/>
  <system-out/>
  <testcase classname="testcases.LoginTest" name="loginWithAllCombination" time="4.810"/>
  <system-out/>
  <testcase classname="testcases.LoginTest" name="loginWithAllCombination" time="4.828"/>
  <system-out/>
  <testcase classname="testcases.LoginTest" name="loginWithAllCombination" time="6.072"/>
  <system-out/>
  <testcase classname="testcases.LoginTest" name="loginWithAllCombination" time="4.828"/>
  <system-out/>
</testsuite> <!-- testcases.LoginTest -->
