<?xml version="1.0" encoding="UTF-8"?>
<!-- Generated by org.testng.reporters.JUnitReportReporter -->
<testsuite hostname="DESKTOP-HADT1D5" failures="0" tests="1" name="testcases.LoginTest" time="9.583" errors="0" timestamp="2023-02-21T12:11:54 IST" skipped="0">
  <testcase classname="testcases.LoginTest" name="loginToApplication" time="9.583"/>
  <system-out/>
</testsuite> <!-- testcases.LoginTest -->
